{"/home/ryan/Development/Private/product-pricer-nodejs-backend/config/default.ts": {"path":"/home/ryan/Development/Private/product-pricer-nodejs-backend/config/default.ts","statementMap":{"0":{"start":{"line":1,"column":0},"end":{"line":44,"column":null}}},"fnMap":{},"branchMap":{},"s":{"0":2},"f":{},"b":{}}
,"/home/ryan/Development/Private/product-pricer-nodejs-backend/config/test.ts": {"path":"/home/ryan/Development/Private/product-pricer-nodejs-backend/config/test.ts","statementMap":{"0":{"start":{"line":1,"column":0},"end":{"line":44,"column":null}}},"fnMap":{},"branchMap":{},"s":{"0":2},"f":{},"b":{}}
,"/home/ryan/Development/Private/product-pricer-nodejs-backend/src/routes.ts": {"path":"/home/ryan/Development/Private/product-pricer-nodejs-backend/src/routes.ts","statementMap":{"0":{"start":{"line":2,"column":0},"end":{"line":2,"column":63}},"1":{"start":{"line":3,"column":0},"end":{"line":3,"column":61}},"2":{"start":{"line":4,"column":0},"end":{"line":4,"column":54}},"3":{"start":{"line":6,"column":0},"end":{"line":6,"column":119}},"4":{"start":{"line":7,"column":0},"end":{"line":7,"column":60}},"5":{"start":{"line":8,"column":0},"end":{"line":8,"column":51}},"6":{"start":{"line":9,"column":0},"end":{"line":9,"column":120}},"7":{"start":{"line":10,"column":0},"end":{"line":10,"column":null}},"8":{"start":{"line":18,"column":4},"end":{"line":18,"column":81}},"9":{"start":{"line":18,"column":60},"end":{"line":18,"column":79}},"10":{"start":{"line":20,"column":4},"end":{"line":20,"column":82}},"11":{"start":{"line":22,"column":4},"end":{"line":22,"column":95}},"12":{"start":{"line":24,"column":4},"end":{"line":24,"column":66}},"13":{"start":{"line":26,"column":4},"end":{"line":26,"column":67}},"14":{"start":{"line":28,"column":4},"end":{"line":32,"column":6}},"15":{"start":{"line":34,"column":4},"end":{"line":38,"column":6}},"16":{"start":{"line":40,"column":4},"end":{"line":44,"column":6}},"17":{"start":{"line":46,"column":4},"end":{"line":50,"column":6}},"18":{"start":{"line":52,"column":0},"end":{"line":52,"column":null}}},"fnMap":{"0":{"name":"routes","decl":{"start":{"line":16,"column":9},"end":{"line":16,"column":15}},"loc":{"start":{"line":16,"column":27},"end":{"line":51,"column":1}}},"1":{"name":"(anonymous_2)","decl":{"start":{"line":18,"column":29},"end":{"line":18,"column":30}},"loc":{"start":{"line":18,"column":60},"end":{"line":18,"column":79}}}},"branchMap":{},"s":{"0":2,"1":2,"2":2,"3":2,"4":2,"5":2,"6":2,"7":2,"8":3,"9":0,"10":3,"11":3,"12":3,"13":3,"14":3,"15":3,"16":3,"17":3,"18":2},"f":{"0":3,"1":0},"b":{}}
,"/home/ryan/Development/Private/product-pricer-nodejs-backend/src/controller/product.controller.ts": {"path":"/home/ryan/Development/Private/product-pricer-nodejs-backend/src/controller/product.controller.ts","statementMap":{"0":{"start":{"line":3,"column":0},"end":{"line":3,"column":107}},"1":{"start":{"line":4,"column":0},"end":{"line":4,"column":37}},"2":{"start":{"line":8,"column":19},"end":{"line":8,"column":38}},"3":{"start":{"line":10,"column":17},"end":{"line":10,"column":25}},"4":{"start":{"line":12,"column":4},"end":{"line":12,"column":36}},"5":{"start":{"line":14,"column":20},"end":{"line":14,"column":63}},"6":{"start":{"line":16,"column":4},"end":{"line":16,"column":null}},"7":{"start":{"line":6,"column":0},"end":{"line":6,"column":22}},"8":{"start":{"line":21,"column":19},"end":{"line":21,"column":38}},"9":{"start":{"line":23,"column":22},"end":{"line":23,"column":42}},"10":{"start":{"line":24,"column":19},"end":{"line":24,"column":27}},"11":{"start":{"line":26,"column":20},"end":{"line":26,"column":50}},"12":{"start":{"line":28,"column":4},"end":{"line":30,"column":null}},"13":{"start":{"line":29,"column":8},"end":{"line":29,"column":null}},"14":{"start":{"line":32,"column":4},"end":{"line":32,"column":64}},"15":{"start":{"line":33,"column":4},"end":{"line":33,"column":36}},"16":{"start":{"line":34,"column":4},"end":{"line":34,"column":54}},"17":{"start":{"line":36,"column":4},"end":{"line":38,"column":null}},"18":{"start":{"line":37,"column":8},"end":{"line":37,"column":null}},"19":{"start":{"line":40,"column":27},"end":{"line":42,"column":6}},"20":{"start":{"line":44,"column":4},"end":{"line":44,"column":36}},"21":{"start":{"line":19,"column":0},"end":{"line":19,"column":22}},"22":{"start":{"line":48,"column":22},"end":{"line":48,"column":42}},"23":{"start":{"line":49,"column":20},"end":{"line":49,"column":50}},"24":{"start":{"line":51,"column":4},"end":{"line":53,"column":null}},"25":{"start":{"line":52,"column":8},"end":{"line":52,"column":35}},"26":{"start":{"line":55,"column":4},"end":{"line":55,"column":29}},"27":{"start":{"line":47,"column":0},"end":{"line":47,"column":22}},"28":{"start":{"line":59,"column":19},"end":{"line":59,"column":38}},"29":{"start":{"line":61,"column":22},"end":{"line":61,"column":42}},"30":{"start":{"line":63,"column":20},"end":{"line":63,"column":50}},"31":{"start":{"line":65,"column":4},"end":{"line":67,"column":null}},"32":{"start":{"line":66,"column":8},"end":{"line":66,"column":null}},"33":{"start":{"line":69,"column":4},"end":{"line":71,"column":null}},"34":{"start":{"line":70,"column":8},"end":{"line":70,"column":null}},"35":{"start":{"line":73,"column":4},"end":{"line":73,"column":37}},"36":{"start":{"line":75,"column":4},"end":{"line":75,"column":31}},"37":{"start":{"line":58,"column":0},"end":{"line":58,"column":22}}},"fnMap":{"0":{"name":"createProductHandler","decl":{"start":{"line":6,"column":22},"end":{"line":6,"column":42}},"loc":{"start":{"line":6,"column":104},"end":{"line":17,"column":null}}},"1":{"name":"updateProductHandler","decl":{"start":{"line":19,"column":22},"end":{"line":19,"column":42}},"loc":{"start":{"line":19,"column":100},"end":{"line":45,"column":null}}},"2":{"name":"getProductHandler","decl":{"start":{"line":47,"column":22},"end":{"line":47,"column":39}},"loc":{"start":{"line":47,"column":95},"end":{"line":56,"column":null}}},"3":{"name":"deleteProductHandler","decl":{"start":{"line":58,"column":22},"end":{"line":58,"column":42}},"loc":{"start":{"line":58,"column":100},"end":{"line":76,"column":null}}}},"branchMap":{"0":{"loc":{"start":{"line":28,"column":4},"end":{"line":30,"column":null}},"type":"if","locations":[{"start":{"line":28,"column":4},"end":{"line":30,"column":null}}]},"1":{"loc":{"start":{"line":36,"column":4},"end":{"line":38,"column":null}},"type":"if","locations":[{"start":{"line":36,"column":4},"end":{"line":38,"column":null}}]},"2":{"loc":{"start":{"line":51,"column":4},"end":{"line":53,"column":null}},"type":"if","locations":[{"start":{"line":51,"column":4},"end":{"line":53,"column":null}}]},"3":{"loc":{"start":{"line":65,"column":4},"end":{"line":67,"column":null}},"type":"if","locations":[{"start":{"line":65,"column":4},"end":{"line":67,"column":null}}]},"4":{"loc":{"start":{"line":69,"column":4},"end":{"line":71,"column":null}},"type":"if","locations":[{"start":{"line":69,"column":4},"end":{"line":71,"column":null}}]}},"s":{"0":2,"1":2,"2":1,"3":1,"4":1,"5":1,"6":1,"7":2,"8":0,"9":0,"10":0,"11":0,"12":0,"13":0,"14":0,"15":0,"16":0,"17":0,"18":0,"19":0,"20":0,"21":2,"22":2,"23":2,"24":2,"25":1,"26":1,"27":2,"28":0,"29":0,"30":0,"31":0,"32":0,"33":0,"34":0,"35":0,"36":0,"37":2},"f":{"0":1,"1":0,"2":2,"3":0},"b":{"0":[0],"1":[0],"2":[1],"3":[0],"4":[0]}}
,"/home/ryan/Development/Private/product-pricer-nodejs-backend/src/controller/session.controller.ts": {"path":"/home/ryan/Development/Private/product-pricer-nodejs-backend/src/controller/session.controller.ts","statementMap":{"0":{"start":{"line":2,"column":0},"end":{"line":2,"column":57}},"1":{"start":{"line":3,"column":0},"end":{"line":3,"column":86}},"2":{"start":{"line":4,"column":0},"end":{"line":4,"column":44}},"3":{"start":{"line":5,"column":0},"end":{"line":5,"column":27}},"4":{"start":{"line":9,"column":4},"end":{"line":9,"column":45}},"5":{"start":{"line":11,"column":17},"end":{"line":11,"column":49}},"6":{"start":{"line":13,"column":4},"end":{"line":15,"column":null}},"7":{"start":{"line":14,"column":8},"end":{"line":14,"column":65}},"8":{"start":{"line":19,"column":20},"end":{"line":19,"column":77}},"9":{"start":{"line":22,"column":24},"end":{"line":25,"column":6}},"10":{"start":{"line":29,"column":25},"end":{"line":32,"column":6}},"11":{"start":{"line":35,"column":4},"end":{"line":35,"column":48}},"12":{"start":{"line":8,"column":0},"end":{"line":8,"column":22}},"13":{"start":{"line":39,"column":19},"end":{"line":39,"column":38}},"14":{"start":{"line":40,"column":4},"end":{"line":40,"column":36}},"15":{"start":{"line":42,"column":21},"end":{"line":42,"column":67}},"16":{"start":{"line":44,"column":4},"end":{"line":44,"column":30}},"17":{"start":{"line":38,"column":0},"end":{"line":38,"column":22}},"18":{"start":{"line":48,"column":22},"end":{"line":48,"column":45}},"19":{"start":{"line":50,"column":4},"end":{"line":50,"column":57}},"20":{"start":{"line":52,"column":4},"end":{"line":55,"column":7}},"21":{"start":{"line":47,"column":0},"end":{"line":47,"column":22}}},"fnMap":{"0":{"name":"createUserSessionHandler","decl":{"start":{"line":8,"column":22},"end":{"line":8,"column":46}},"loc":{"start":{"line":8,"column":73},"end":{"line":36,"column":null}}},"1":{"name":"getUserSessionsHandler","decl":{"start":{"line":38,"column":22},"end":{"line":38,"column":44}},"loc":{"start":{"line":38,"column":72},"end":{"line":45,"column":null}}},"2":{"name":"deleteSessionHandler","decl":{"start":{"line":47,"column":22},"end":{"line":47,"column":42}},"loc":{"start":{"line":47,"column":67},"end":{"line":56,"column":null}}}},"branchMap":{"0":{"loc":{"start":{"line":13,"column":4},"end":{"line":15,"column":null}},"type":"if","locations":[{"start":{"line":13,"column":4},"end":{"line":15,"column":null}}]},"1":{"loc":{"start":{"line":19,"column":49},"end":{"line":19,"column":76}},"type":"binary-expr","locations":[{"start":{"line":19,"column":49},"end":{"line":19,"column":70}},{"start":{"line":19,"column":74},"end":{"line":19,"column":76}}]}},"s":{"0":2,"1":2,"2":2,"3":2,"4":1,"5":1,"6":1,"7":0,"8":1,"9":1,"10":1,"11":1,"12":2,"13":0,"14":0,"15":0,"16":0,"17":2,"18":0,"19":0,"20":0,"21":2},"f":{"0":1,"1":0,"2":0},"b":{"0":[0],"1":[1,0]}}
,"/home/ryan/Development/Private/product-pricer-nodejs-backend/src/controller/user.controller.ts": {"path":"/home/ryan/Development/Private/product-pricer-nodejs-backend/src/controller/user.controller.ts","statementMap":{"0":{"start":{"line":2,"column":0},"end":{"line":2,"column":37}},"1":{"start":{"line":3,"column":0},"end":{"line":3,"column":51}},"2":{"start":{"line":9,"column":4},"end":{"line":15,"column":null}},"3":{"start":{"line":10,"column":21},"end":{"line":10,"column":47}},"4":{"start":{"line":11,"column":8},"end":{"line":11,"column":30}},"5":{"start":{"line":13,"column":8},"end":{"line":13,"column":24}},"6":{"start":{"line":14,"column":8},"end":{"line":14,"column":47}},"7":{"start":{"line":6,"column":0},"end":{"line":6,"column":22}}},"fnMap":{"0":{"name":"createUserHandler","decl":{"start":{"line":6,"column":22},"end":{"line":6,"column":39}},"loc":{"start":{"line":8,"column":17},"end":{"line":16,"column":null}}}},"branchMap":{},"s":{"0":2,"1":2,"2":2,"3":2,"4":1,"5":1,"6":1,"7":2},"f":{"0":2},"b":{}}
,"/home/ryan/Development/Private/product-pricer-nodejs-backend/src/middleware/deserializeUser.ts": {"path":"/home/ryan/Development/Private/product-pricer-nodejs-backend/src/middleware/deserializeUser.ts","statementMap":{"0":{"start":{"line":1,"column":0},"end":{"line":1,"column":26}},"1":{"start":{"line":3,"column":0},"end":{"line":3,"column":44}},"2":{"start":{"line":4,"column":0},"end":{"line":4,"column":62}},"3":{"start":{"line":5,"column":31},"end":{"line":41,"column":null}},"4":{"start":{"line":5,"column":89},"end":{"line":41,"column":null}},"5":{"start":{"line":6,"column":24},"end":{"line":8,"column":null}},"6":{"start":{"line":11,"column":25},"end":{"line":11,"column":54}},"7":{"start":{"line":13,"column":4},"end":{"line":15,"column":null}},"8":{"start":{"line":14,"column":8},"end":{"line":14,"column":22}},"9":{"start":{"line":17,"column":31},"end":{"line":17,"column":53}},"10":{"start":{"line":18,"column":4},"end":{"line":18,"column":38}},"11":{"start":{"line":19,"column":4},"end":{"line":22,"column":null}},"12":{"start":{"line":20,"column":8},"end":{"line":20,"column":34}},"13":{"start":{"line":21,"column":8},"end":{"line":21,"column":null}},"14":{"start":{"line":24,"column":4},"end":{"line":37,"column":null}},"15":{"start":{"line":26,"column":31},"end":{"line":26,"column":71}},"16":{"start":{"line":28,"column":8},"end":{"line":30,"column":null}},"17":{"start":{"line":29,"column":12},"end":{"line":29,"column":null}},"18":{"start":{"line":33,"column":23},"end":{"line":33,"column":48}},"19":{"start":{"line":35,"column":8},"end":{"line":35,"column":41}},"20":{"start":{"line":36,"column":8},"end":{"line":36,"column":22}},"21":{"start":{"line":39,"column":4},"end":{"line":39,"column":null}},"22":{"start":{"line":5,"column":13},"end":{"line":5,"column":31}},"23":{"start":{"line":43,"column":0},"end":{"line":43,"column":31}}},"fnMap":{"0":{"name":"(anonymous_7)","decl":{"start":{"line":5,"column":31},"end":{"line":5,"column":38}},"loc":{"start":{"line":5,"column":89},"end":{"line":41,"column":null}}},"1":{"name":"(anonymous_8)","decl":{"start":{"line":5,"column":89},"end":{"line":5,"column":null}},"loc":{"start":{"line":5,"column":89},"end":{"line":41,"column":1}}}},"branchMap":{"0":{"loc":{"start":{"line":13,"column":4},"end":{"line":15,"column":null}},"type":"if","locations":[{"start":{"line":13,"column":4},"end":{"line":15,"column":null}}]},"1":{"loc":{"start":{"line":19,"column":4},"end":{"line":22,"column":null}},"type":"if","locations":[{"start":{"line":19,"column":4},"end":{"line":22,"column":null}}]},"2":{"loc":{"start":{"line":24,"column":4},"end":{"line":37,"column":null}},"type":"if","locations":[{"start":{"line":24,"column":4},"end":{"line":37,"column":null}}]},"3":{"loc":{"start":{"line":24,"column":8},"end":{"line":24,"column":31}},"type":"binary-expr","locations":[{"start":{"line":24,"column":8},"end":{"line":24,"column":15}},{"start":{"line":24,"column":19},"end":{"line":24,"column":31}}]},"4":{"loc":{"start":{"line":28,"column":8},"end":{"line":30,"column":null}},"type":"if","locations":[{"start":{"line":28,"column":8},"end":{"line":30,"column":null}}]}},"s":{"0":2,"1":2,"2":2,"3":2,"4":7,"5":7,"6":7,"7":7,"8":6,"9":1,"10":1,"11":1,"12":1,"13":1,"14":0,"15":0,"16":0,"17":0,"18":0,"19":0,"20":0,"21":0,"22":2,"23":2},"f":{"0":7,"1":7},"b":{"0":[6],"1":[1],"2":[0],"3":[0,0],"4":[0]}}
,"/home/ryan/Development/Private/product-pricer-nodejs-backend/src/middleware/requireUser.ts": {"path":"/home/ryan/Development/Private/product-pricer-nodejs-backend/src/middleware/requireUser.ts","statementMap":{"0":{"start":{"line":2,"column":0},"end":{"line":2,"column":36}},"1":{"start":{"line":4,"column":20},"end":{"line":13,"column":1}},"2":{"start":{"line":5,"column":21},"end":{"line":5,"column":36}},"3":{"start":{"line":6,"column":8},"end":{"line":6,"column":36}},"4":{"start":{"line":8,"column":8},"end":{"line":10,"column":null}},"5":{"start":{"line":9,"column":12},"end":{"line":9,"column":null}},"6":{"start":{"line":12,"column":8},"end":{"line":12,"column":22}},"7":{"start":{"line":15,"column":0},"end":{"line":15,"column":27}}},"fnMap":{"0":{"name":"(anonymous_1)","decl":{"start":{"line":4,"column":20},"end":{"line":4,"column":21}},"loc":{"start":{"line":4,"column":72},"end":{"line":13,"column":1}}}},"branchMap":{"0":{"loc":{"start":{"line":8,"column":8},"end":{"line":10,"column":null}},"type":"if","locations":[{"start":{"line":8,"column":8},"end":{"line":10,"column":null}}]}},"s":{"0":2,"1":2,"2":2,"3":2,"4":2,"5":1,"6":1,"7":2},"f":{"0":2},"b":{"0":[1]}}
,"/home/ryan/Development/Private/product-pricer-nodejs-backend/src/middleware/validateResource.ts": {"path":"/home/ryan/Development/Private/product-pricer-nodejs-backend/src/middleware/validateResource.ts","statementMap":{"0":{"start":{"line":4,"column":17},"end":{"line":17,"column":1}},"1":{"start":{"line":4,"column":43},"end":{"line":17,"column":1}},"2":{"start":{"line":5,"column":4},"end":{"line":16,"column":null}},"3":{"start":{"line":6,"column":8},"end":{"line":10,"column":11}},"4":{"start":{"line":11,"column":8},"end":{"line":11,"column":15}},"5":{"start":{"line":15,"column":8},"end":{"line":15,"column":null}},"6":{"start":{"line":19,"column":0},"end":{"line":19,"column":24}}},"fnMap":{"0":{"name":"(anonymous_0)","decl":{"start":{"line":4,"column":17},"end":{"line":4,"column":18}},"loc":{"start":{"line":4,"column":43},"end":{"line":17,"column":1}}},"1":{"name":"(anonymous_1)","decl":{"start":{"line":4,"column":43},"end":{"line":4,"column":44}},"loc":{"start":{"line":4,"column":93},"end":{"line":17,"column":1}}}},"branchMap":{},"s":{"0":2,"1":18,"2":6,"3":6,"4":5,"5":1,"6":2},"f":{"0":18,"1":6},"b":{}}
,"/home/ryan/Development/Private/product-pricer-nodejs-backend/src/models/product.model.ts": {"path":"/home/ryan/Development/Private/product-pricer-nodejs-backend/src/models/product.model.ts","statementMap":{"0":{"start":{"line":1,"column":0},"end":{"line":1,"column":32}},"1":{"start":{"line":2,"column":0},"end":{"line":2,"column":40}},"2":{"start":{"line":5,"column":15},"end":{"line":5,"column":73}},"3":{"start":{"line":21,"column":22},"end":{"line":37,"column":null}},"4":{"start":{"line":27,"column":27},"end":{"line":27,"column":48}},"5":{"start":{"line":40,"column":21},"end":{"line":40,"column":78}},"6":{"start":{"line":42,"column":0},"end":{"line":42,"column":28}}},"fnMap":{"0":{"name":"(anonymous_1)","decl":{"start":{"line":27,"column":21},"end":{"line":27,"column":24}},"loc":{"start":{"line":27,"column":27},"end":{"line":27,"column":48}}}},"branchMap":{},"s":{"0":2,"1":2,"2":2,"3":2,"4":2,"5":2,"6":2},"f":{"0":2},"b":{}}
,"/home/ryan/Development/Private/product-pricer-nodejs-backend/src/models/session.model.ts": {"path":"/home/ryan/Development/Private/product-pricer-nodejs-backend/src/models/session.model.ts","statementMap":{"0":{"start":{"line":1,"column":0},"end":{"line":1,"column":31}},"1":{"start":{"line":16,"column":13},"end":{"line":25,"column":2}},"2":{"start":{"line":28,"column":13},"end":{"line":28,"column":null}},"3":{"start":{"line":30,"column":0},"end":{"line":30,"column":null}}},"fnMap":{},"branchMap":{},"s":{"0":2,"1":2,"2":2,"3":2},"f":{},"b":{}}
,"/home/ryan/Development/Private/product-pricer-nodejs-backend/src/models/user.model.ts": {"path":"/home/ryan/Development/Private/product-pricer-nodejs-backend/src/models/user.model.ts","statementMap":{"0":{"start":{"line":1,"column":0},"end":{"line":1,"column":32}},"1":{"start":{"line":2,"column":0},"end":{"line":2,"column":28}},"2":{"start":{"line":3,"column":0},"end":{"line":3,"column":28}},"3":{"start":{"line":17,"column":19},"end":{"line":25,"column":null}},"4":{"start":{"line":28,"column":0},"end":{"line":42,"column":3}},"5":{"start":{"line":29,"column":15},"end":{"line":29,"column":35}},"6":{"start":{"line":31,"column":4},"end":{"line":33,"column":null}},"7":{"start":{"line":32,"column":8},"end":{"line":32,"column":22}},"8":{"start":{"line":35,"column":17},"end":{"line":35,"column":75}},"9":{"start":{"line":37,"column":17},"end":{"line":37,"column":59}},"10":{"start":{"line":39,"column":4},"end":{"line":39,"column":25}},"11":{"start":{"line":41,"column":4},"end":{"line":41,"column":18}},"12":{"start":{"line":44,"column":0},"end":{"line":50,"column":2}},"13":{"start":{"line":47,"column":17},"end":{"line":47,"column":37}},"14":{"start":{"line":49,"column":4},"end":{"line":49,"column":80}},"15":{"start":{"line":49,"column":73},"end":{"line":49,"column":78}},"16":{"start":{"line":52,"column":18},"end":{"line":52,"column":66}},"17":{"start":{"line":54,"column":0},"end":{"line":54,"column":25}}},"fnMap":{"0":{"name":"(anonymous_8)","decl":{"start":{"line":28,"column":23},"end":{"line":28,"column":39}},"loc":{"start":{"line":28,"column":43},"end":{"line":42,"column":2}}},"1":{"name":"(anonymous_10)","decl":{"start":{"line":44,"column":37},"end":{"line":44,"column":null}},"loc":{"start":{"line":45,"column":29},"end":{"line":50,"column":2}}},"2":{"name":"(anonymous_12)","decl":{"start":{"line":49,"column":66},"end":{"line":49,"column":67}},"loc":{"start":{"line":49,"column":73},"end":{"line":49,"column":78}}}},"branchMap":{"0":{"loc":{"start":{"line":31,"column":4},"end":{"line":33,"column":null}},"type":"if","locations":[{"start":{"line":31,"column":4},"end":{"line":33,"column":null}}]}},"s":{"0":2,"1":2,"2":2,"3":2,"4":2,"5":0,"6":0,"7":0,"8":0,"9":0,"10":0,"11":0,"12":2,"13":0,"14":0,"15":0,"16":2,"17":2},"f":{"0":0,"1":0,"2":0},"b":{"0":[0]}}
,"/home/ryan/Development/Private/product-pricer-nodejs-backend/src/schema/product.schema.ts": {"path":"/home/ryan/Development/Private/product-pricer-nodejs-backend/src/schema/product.schema.ts","statementMap":{"0":{"start":{"line":1,"column":0},"end":{"line":1,"column":47}},"1":{"start":{"line":3,"column":16},"end":{"line":18,"column":null}},"2":{"start":{"line":20,"column":15},"end":{"line":26,"column":null}},"3":{"start":{"line":28,"column":13},"end":{"line":30,"column":null}},"4":{"start":{"line":32,"column":13},"end":{"line":35,"column":null}},"5":{"start":{"line":37,"column":13},"end":{"line":39,"column":3}},"6":{"start":{"line":41,"column":13},"end":{"line":43,"column":3}}},"fnMap":{},"branchMap":{},"s":{"0":2,"1":2,"2":2,"3":2,"4":2,"5":2,"6":2},"f":{},"b":{}}
,"/home/ryan/Development/Private/product-pricer-nodejs-backend/src/schema/session.schema.ts": {"path":"/home/ryan/Development/Private/product-pricer-nodejs-backend/src/schema/session.schema.ts","statementMap":{"0":{"start":{"line":1,"column":0},"end":{"line":1,"column":33}},"1":{"start":{"line":3,"column":13},"end":{"line":12,"column":null}}},"fnMap":{},"branchMap":{},"s":{"0":2,"1":2},"f":{},"b":{}}
,"/home/ryan/Development/Private/product-pricer-nodejs-backend/src/schema/user.schema.ts": {"path":"/home/ryan/Development/Private/product-pricer-nodejs-backend/src/schema/user.schema.ts","statementMap":{"0":{"start":{"line":1,"column":0},"end":{"line":1,"column":45}},"1":{"start":{"line":42,"column":13},"end":{"line":60,"column":3}},"2":{"start":{"line":56,"column":24},"end":{"line":56,"column":67}}},"fnMap":{"0":{"name":"(anonymous_0)","decl":{"start":{"line":56,"column":14},"end":{"line":56,"column":15}},"loc":{"start":{"line":56,"column":24},"end":{"line":56,"column":67}}}},"branchMap":{},"s":{"0":2,"1":2,"2":3},"f":{"0":3},"b":{}}
,"/home/ryan/Development/Private/product-pricer-nodejs-backend/src/service/product.service.ts": {"path":"/home/ryan/Development/Private/product-pricer-nodejs-backend/src/service/product.service.ts","statementMap":{"0":{"start":{"line":1,"column":0},"end":{"line":1,"column":84}},"1":{"start":{"line":5,"column":4},"end":{"line":5,"column":null}},"2":{"start":{"line":4,"column":0},"end":{"line":4,"column":22}},"3":{"start":{"line":9,"column":4},"end":{"line":9,"column":50}},"4":{"start":{"line":8,"column":0},"end":{"line":8,"column":22}},"5":{"start":{"line":17,"column":4},"end":{"line":17,"column":null}},"6":{"start":{"line":12,"column":0},"end":{"line":12,"column":22}},"7":{"start":{"line":21,"column":4},"end":{"line":21,"column":41}},"8":{"start":{"line":20,"column":0},"end":{"line":20,"column":22}}},"fnMap":{"0":{"name":"createProduct","decl":{"start":{"line":4,"column":22},"end":{"line":4,"column":35}},"loc":{"start":{"line":4,"column":55},"end":{"line":6,"column":null}}},"1":{"name":"findProduct","decl":{"start":{"line":8,"column":22},"end":{"line":8,"column":33}},"loc":{"start":{"line":8,"column":104},"end":{"line":10,"column":null}}},"2":{"name":"findAndUpdateProduct","decl":{"start":{"line":12,"column":22},"end":{"line":12,"column":42}},"loc":{"start":{"line":15,"column":25},"end":{"line":18,"column":null}}},"3":{"name":"deleteProduct","decl":{"start":{"line":20,"column":22},"end":{"line":20,"column":35}},"loc":{"start":{"line":20,"column":71},"end":{"line":22,"column":null}}}},"branchMap":{"0":{"loc":{"start":{"line":8,"column":70},"end":{"line":8,"column":104}},"type":"default-arg","locations":[{"start":{"line":8,"column":93},"end":{"line":8,"column":104}}]}},"s":{"0":2,"1":2,"2":2,"3":2,"4":2,"5":0,"6":2,"7":0,"8":2},"f":{"0":2,"1":2,"2":0,"3":0},"b":{"0":[2]}}
,"/home/ryan/Development/Private/product-pricer-nodejs-backend/src/service/session.service.ts": {"path":"/home/ryan/Development/Private/product-pricer-nodejs-backend/src/service/session.service.ts","statementMap":{"0":{"start":{"line":1,"column":0},"end":{"line":1,"column":28}},"1":{"start":{"line":3,"column":0},"end":{"line":3,"column":69}},"2":{"start":{"line":4,"column":0},"end":{"line":4,"column":54}},"3":{"start":{"line":5,"column":0},"end":{"line":5,"column":40}},"4":{"start":{"line":6,"column":0},"end":{"line":6,"column":28}},"5":{"start":{"line":9,"column":20},"end":{"line":9,"column":72}},"6":{"start":{"line":10,"column":4},"end":{"line":10,"column":28}},"7":{"start":{"line":8,"column":0},"end":{"line":8,"column":22}},"8":{"start":{"line":14,"column":4},"end":{"line":14,"column":43}},"9":{"start":{"line":13,"column":0},"end":{"line":13,"column":22}},"10":{"start":{"line":21,"column":4},"end":{"line":21,"column":48}},"11":{"start":{"line":17,"column":0},"end":{"line":17,"column":22}},"12":{"start":{"line":27,"column":22},"end":{"line":27,"column":45}},"13":{"start":{"line":29,"column":4},"end":{"line":29,"column":57}},"14":{"start":{"line":29,"column":44},"end":{"line":29,"column":57}},"15":{"start":{"line":31,"column":20},"end":{"line":31,"column":71}},"16":{"start":{"line":33,"column":4},"end":{"line":33,"column":48}},"17":{"start":{"line":33,"column":35},"end":{"line":33,"column":48}},"18":{"start":{"line":35,"column":17},"end":{"line":35,"column":52}},"19":{"start":{"line":37,"column":4},"end":{"line":37,"column":27}},"20":{"start":{"line":37,"column":14},"end":{"line":37,"column":27}},"21":{"start":{"line":39,"column":24},"end":{"line":42,"column":6}},"22":{"start":{"line":44,"column":4},"end":{"line":44,"column":23}},"23":{"start":{"line":24,"column":0},"end":{"line":24,"column":22}}},"fnMap":{"0":{"name":"createSession","decl":{"start":{"line":8,"column":22},"end":{"line":8,"column":35}},"loc":{"start":{"line":8,"column":66},"end":{"line":11,"column":null}}},"1":{"name":"findSessions","decl":{"start":{"line":13,"column":22},"end":{"line":13,"column":34}},"loc":{"start":{"line":13,"column":69},"end":{"line":15,"column":null}}},"2":{"name":"updateSession","decl":{"start":{"line":17,"column":22},"end":{"line":17,"column":35}},"loc":{"start":{"line":19,"column":40},"end":{"line":22,"column":null}}},"3":{"name":"reIssueAccessToken","decl":{"start":{"line":24,"column":22},"end":{"line":24,"column":40}},"loc":{"start":{"line":26,"column":1},"end":{"line":45,"column":null}}}},"branchMap":{"0":{"loc":{"start":{"line":29,"column":4},"end":{"line":29,"column":57}},"type":"if","locations":[{"start":{"line":29,"column":4},"end":{"line":29,"column":57}}]},"1":{"loc":{"start":{"line":29,"column":7},"end":{"line":29,"column":42}},"type":"binary-expr","locations":[{"start":{"line":29,"column":7},"end":{"line":29,"column":15}},{"start":{"line":29,"column":19},"end":{"line":29,"column":42}}]},"2":{"loc":{"start":{"line":33,"column":4},"end":{"line":33,"column":48}},"type":"if","locations":[{"start":{"line":33,"column":4},"end":{"line":33,"column":48}}]},"3":{"loc":{"start":{"line":33,"column":7},"end":{"line":33,"column":33}},"type":"binary-expr","locations":[{"start":{"line":33,"column":7},"end":{"line":33,"column":15}},{"start":{"line":33,"column":19},"end":{"line":33,"column":33}}]},"4":{"loc":{"start":{"line":37,"column":4},"end":{"line":37,"column":27}},"type":"if","locations":[{"start":{"line":37,"column":4},"end":{"line":37,"column":27}}]}},"s":{"0":2,"1":2,"2":2,"3":2,"4":2,"5":0,"6":0,"7":2,"8":0,"9":2,"10":0,"11":2,"12":0,"13":0,"14":0,"15":0,"16":0,"17":0,"18":0,"19":0,"20":0,"21":0,"22":0,"23":2},"f":{"0":0,"1":0,"2":0,"3":0},"b":{"0":[0],"1":[0,0],"2":[0],"3":[0,0],"4":[0]}}
,"/home/ryan/Development/Private/product-pricer-nodejs-backend/src/service/user.service.ts": {"path":"/home/ryan/Development/Private/product-pricer-nodejs-backend/src/service/user.service.ts","statementMap":{"0":{"start":{"line":1,"column":0},"end":{"line":1,"column":72}},"1":{"start":{"line":3,"column":0},"end":{"line":3,"column":28}},"2":{"start":{"line":7,"column":4},"end":{"line":12,"column":null}},"3":{"start":{"line":8,"column":21},"end":{"line":8,"column":50}},"4":{"start":{"line":9,"column":8},"end":{"line":9,"column":47}},"5":{"start":{"line":11,"column":8},"end":{"line":11,"column":27}},"6":{"start":{"line":6,"column":0},"end":{"line":6,"column":22}},"7":{"start":{"line":23,"column":17},"end":{"line":23,"column":51}},"8":{"start":{"line":25,"column":4},"end":{"line":27,"column":null}},"9":{"start":{"line":26,"column":8},"end":{"line":26,"column":21}},"10":{"start":{"line":29,"column":20},"end":{"line":29,"column":56}},"11":{"start":{"line":31,"column":4},"end":{"line":31,"column":31}},"12":{"start":{"line":31,"column":18},"end":{"line":31,"column":31}},"13":{"start":{"line":33,"column":4},"end":{"line":33,"column":43}},"14":{"start":{"line":15,"column":0},"end":{"line":15,"column":22}},"15":{"start":{"line":37,"column":4},"end":{"line":37,"column":43}},"16":{"start":{"line":36,"column":0},"end":{"line":36,"column":22}}},"fnMap":{"0":{"name":"createUser","decl":{"start":{"line":6,"column":22},"end":{"line":6,"column":32}},"loc":{"start":{"line":6,"column":49},"end":{"line":13,"column":null}}},"1":{"name":"validatePassword","decl":{"start":{"line":15,"column":22},"end":{"line":15,"column":38}},"loc":{"start":{"line":22,"column":1},"end":{"line":34,"column":null}}},"2":{"name":"findUser","decl":{"start":{"line":36,"column":22},"end":{"line":36,"column":30}},"loc":{"start":{"line":36,"column":62},"end":{"line":38,"column":null}}}},"branchMap":{"0":{"loc":{"start":{"line":25,"column":4},"end":{"line":27,"column":null}},"type":"if","locations":[{"start":{"line":25,"column":4},"end":{"line":27,"column":null}}]},"1":{"loc":{"start":{"line":31,"column":4},"end":{"line":31,"column":31}},"type":"if","locations":[{"start":{"line":31,"column":4},"end":{"line":31,"column":31}}]}},"s":{"0":2,"1":2,"2":0,"3":0,"4":0,"5":0,"6":2,"7":0,"8":0,"9":0,"10":0,"11":0,"12":0,"13":0,"14":2,"15":0,"16":2},"f":{"0":0,"1":0,"2":0},"b":{"0":[0],"1":[0]}}
,"/home/ryan/Development/Private/product-pricer-nodejs-backend/src/utils/jwt.utils.ts": {"path":"/home/ryan/Development/Private/product-pricer-nodejs-backend/src/utils/jwt.utils.ts","statementMap":{"0":{"start":{"line":1,"column":0},"end":{"line":1,"column":30}},"1":{"start":{"line":2,"column":0},"end":{"line":2,"column":27}},"2":{"start":{"line":4,"column":19},"end":{"line":4,"column":51}},"3":{"start":{"line":5,"column":18},"end":{"line":5,"column":49}},"4":{"start":{"line":7,"column":4},"end":{"line":10,"column":null}},"5":{"start":{"line":6,"column":0},"end":{"line":6,"column":16}},"6":{"start":{"line":14,"column":4},"end":{"line":29,"column":null}},"7":{"start":{"line":15,"column":24},"end":{"line":15,"column":51}},"8":{"start":{"line":16,"column":8},"end":{"line":20,"column":null}},"9":{"start":{"line":24,"column":8},"end":{"line":28,"column":null}},"10":{"start":{"line":13,"column":0},"end":{"line":13,"column":16}}},"fnMap":{"0":{"name":"signJwt","decl":{"start":{"line":6,"column":16},"end":{"line":6,"column":23}},"loc":{"start":{"line":6,"column":77},"end":{"line":11,"column":1}}},"1":{"name":"verifyJwt","decl":{"start":{"line":13,"column":16},"end":{"line":13,"column":25}},"loc":{"start":{"line":13,"column":38},"end":{"line":30,"column":1}}}},"branchMap":{"0":{"loc":{"start":{"line":8,"column":12},"end":{"line":8,"column":30}},"type":"binary-expr","locations":[{"start":{"line":8,"column":12},"end":{"line":8,"column":19}},{"start":{"line":8,"column":23},"end":{"line":8,"column":30}}]}},"s":{"0":2,"1":2,"2":2,"3":2,"4":3,"5":2,"6":1,"7":1,"8":1,"9":0,"10":2},"f":{"0":3,"1":1},"b":{"0":[3,2]}}
,"/home/ryan/Development/Private/product-pricer-nodejs-backend/src/utils/logger.ts": {"path":"/home/ryan/Development/Private/product-pricer-nodejs-backend/src/utils/logger.ts","statementMap":{"0":{"start":{"line":1,"column":0},"end":{"line":1,"column":26}},"1":{"start":{"line":2,"column":0},"end":{"line":2,"column":26}},"2":{"start":{"line":4,"column":12},"end":{"line":9,"column":2}},"3":{"start":{"line":8,"column":21},"end":{"line":8,"column":52}},"4":{"start":{"line":11,"column":0},"end":{"line":11,"column":19}}},"fnMap":{"0":{"name":"(anonymous_1)","decl":{"start":{"line":8,"column":15},"end":{"line":8,"column":18}},"loc":{"start":{"line":8,"column":21},"end":{"line":8,"column":52}}}},"branchMap":{},"s":{"0":2,"1":2,"2":2,"3":6,"4":2},"f":{"0":6},"b":{}}
,"/home/ryan/Development/Private/product-pricer-nodejs-backend/src/utils/server.ts": {"path":"/home/ryan/Development/Private/product-pricer-nodejs-backend/src/utils/server.ts","statementMap":{"0":{"start":{"line":1,"column":0},"end":{"line":1,"column":30}},"1":{"start":{"line":2,"column":0},"end":{"line":2,"column":60}},"2":{"start":{"line":3,"column":0},"end":{"line":3,"column":31}},"3":{"start":{"line":8,"column":16},"end":{"line":8,"column":25}},"4":{"start":{"line":9,"column":4},"end":{"line":9,"column":28}},"5":{"start":{"line":10,"column":4},"end":{"line":10,"column":29}},"6":{"start":{"line":11,"column":4},"end":{"line":11,"column":16}},"7":{"start":{"line":12,"column":4},"end":{"line":12,"column":15}},"8":{"start":{"line":15,"column":0},"end":{"line":15,"column":28}}},"fnMap":{"0":{"name":"createServer","decl":{"start":{"line":7,"column":9},"end":{"line":7,"column":21}},"loc":{"start":{"line":7,"column":21},"end":{"line":13,"column":1}}}},"branchMap":{},"s":{"0":2,"1":2,"2":2,"3":3,"4":3,"5":3,"6":3,"7":3,"8":2},"f":{"0":3},"b":{}}
}
