TN:
SF:config/default.ts
FNF:0
FNH:0
DA:1,2
LF:1
LH:1
BRF:0
BRH:0
end_of_record
TN:
SF:config/test.ts
FNF:0
FNH:0
DA:1,2
LF:1
LH:1
BRF:0
BRH:0
end_of_record
TN:
SF:src/routes.ts
FN:16,routes
FN:18,(anonymous_2)
FNF:2
FNH:1
FNDA:3,routes
FNDA:0,(anonymous_2)
DA:2,2
DA:3,2
DA:4,2
DA:6,2
DA:7,2
DA:8,2
DA:9,2
DA:10,2
DA:18,3
DA:20,3
DA:22,3
DA:24,3
DA:26,3
DA:28,3
DA:34,3
DA:40,3
DA:46,3
DA:52,2
LF:18
LH:18
BRF:0
BRH:0
end_of_record
TN:
SF:src/controller/product.controller.ts
FN:6,createProductHandler
FN:19,updateProductHandler
FN:47,getProductHandler
FN:58,deleteProductHandler
FNF:4
FNH:2
FNDA:1,createProductHandler
FNDA:0,updateProductHandler
FNDA:2,getProductHandler
FNDA:0,deleteProductHandler
DA:3,2
DA:4,2
DA:6,2
DA:8,1
DA:10,1
DA:12,1
DA:14,1
DA:16,1
DA:19,2
DA:21,0
DA:23,0
DA:24,0
DA:26,0
DA:28,0
DA:29,0
DA:32,0
DA:33,0
DA:34,0
DA:36,0
DA:37,0
DA:40,0
DA:44,0
DA:47,2
DA:48,2
DA:49,2
DA:51,2
DA:52,1
DA:55,1
DA:58,2
DA:59,0
DA:61,0
DA:63,0
DA:65,0
DA:66,0
DA:69,0
DA:70,0
DA:73,0
DA:75,0
LF:38
LH:16
BRDA:28,0,0,0
BRDA:36,1,0,0
BRDA:51,2,0,1
BRDA:65,3,0,0
BRDA:69,4,0,0
BRF:5
BRH:1
end_of_record
TN:
SF:src/controller/session.controller.ts
FN:8,createUserSessionHandler
FN:38,getUserSessionsHandler
FN:47,deleteSessionHandler
FNF:3
FNH:1
FNDA:1,createUserSessionHandler
FNDA:0,getUserSessionsHandler
FNDA:0,deleteSessionHandler
DA:2,2
DA:3,2
DA:4,2
DA:5,2
DA:8,2
DA:9,1
DA:11,1
DA:13,1
DA:14,0
DA:19,1
DA:22,1
DA:29,1
DA:35,1
DA:38,2
DA:39,0
DA:40,0
DA:42,0
DA:44,0
DA:47,2
DA:48,0
DA:50,0
DA:52,0
LF:22
LH:14
BRDA:13,0,0,0
BRDA:19,1,0,1
BRDA:19,1,1,0
BRF:3
BRH:1
end_of_record
TN:
SF:src/controller/user.controller.ts
FN:6,createUserHandler
FNF:1
FNH:1
FNDA:2,createUserHandler
DA:2,2
DA:3,2
DA:6,2
DA:9,2
DA:10,2
DA:11,1
DA:13,1
DA:14,1
LF:8
LH:8
BRF:0
BRH:0
end_of_record
TN:
SF:src/middleware/deserializeUser.ts
FN:5,(anonymous_7)
FN:5,(anonymous_8)
FNF:2
FNH:2
FNDA:7,(anonymous_7)
FNDA:7,(anonymous_8)
DA:1,2
DA:3,2
DA:4,2
DA:5,7
DA:6,7
DA:11,7
DA:13,7
DA:14,6
DA:17,1
DA:18,1
DA:19,1
DA:20,1
DA:21,1
DA:24,0
DA:26,0
DA:28,0
DA:29,0
DA:33,0
DA:35,0
DA:36,0
DA:39,0
DA:43,2
LF:22
LH:14
BRDA:13,0,0,6
BRDA:19,1,0,1
BRDA:24,2,0,0
BRDA:24,3,0,0
BRDA:24,3,1,0
BRDA:28,4,0,0
BRF:6
BRH:2
end_of_record
TN:
SF:src/middleware/requireUser.ts
FN:4,(anonymous_1)
FNF:1
FNH:1
FNDA:2,(anonymous_1)
DA:2,2
DA:4,2
DA:5,2
DA:6,2
DA:8,2
DA:9,1
DA:12,1
DA:15,2
LF:8
LH:8
BRDA:8,0,0,1
BRF:1
BRH:1
end_of_record
TN:
SF:src/middleware/validateResource.ts
FN:4,(anonymous_0)
FN:4,(anonymous_1)
FNF:2
FNH:2
FNDA:18,(anonymous_0)
FNDA:6,(anonymous_1)
DA:4,18
DA:5,6
DA:6,6
DA:11,5
DA:15,1
DA:19,2
LF:6
LH:6
BRF:0
BRH:0
end_of_record
TN:
SF:src/models/product.model.ts
FN:27,(anonymous_1)
FNF:1
FNH:1
FNDA:2,(anonymous_1)
DA:1,2
DA:2,2
DA:5,2
DA:21,2
DA:27,2
DA:40,2
DA:42,2
LF:7
LH:7
BRF:0
BRH:0
end_of_record
TN:
SF:src/models/session.model.ts
FNF:0
FNH:0
DA:1,2
DA:16,2
DA:28,2
DA:30,2
LF:4
LH:4
BRF:0
BRH:0
end_of_record
TN:
SF:src/models/user.model.ts
FN:28,(anonymous_8)
FN:44,(anonymous_10)
FN:49,(anonymous_12)
FNF:3
FNH:0
FNDA:0,(anonymous_8)
FNDA:0,(anonymous_10)
FNDA:0,(anonymous_12)
DA:1,2
DA:2,2
DA:3,2
DA:17,2
DA:28,2
DA:29,0
DA:31,0
DA:32,0
DA:35,0
DA:37,0
DA:39,0
DA:41,0
DA:44,2
DA:47,0
DA:49,0
DA:52,2
DA:54,2
LF:17
LH:8
BRDA:31,0,0,0
BRF:1
BRH:0
end_of_record
TN:
SF:src/schema/product.schema.ts
FNF:0
FNH:0
DA:1,2
DA:3,2
DA:20,2
DA:28,2
DA:32,2
DA:37,2
DA:41,2
LF:7
LH:7
BRF:0
BRH:0
end_of_record
TN:
SF:src/schema/session.schema.ts
FNF:0
FNH:0
DA:1,2
DA:3,2
LF:2
LH:2
BRF:0
BRH:0
end_of_record
TN:
SF:src/schema/user.schema.ts
FN:56,(anonymous_0)
FNF:1
FNH:1
FNDA:3,(anonymous_0)
DA:1,2
DA:42,2
DA:56,3
LF:3
LH:3
BRF:0
BRH:0
end_of_record
TN:
SF:src/service/product.service.ts
FN:4,createProduct
FN:8,findProduct
FN:12,findAndUpdateProduct
FN:20,deleteProduct
FNF:4
FNH:2
FNDA:2,createProduct
FNDA:2,findProduct
FNDA:0,findAndUpdateProduct
FNDA:0,deleteProduct
DA:1,2
DA:4,2
DA:5,2
DA:8,2
DA:9,2
DA:12,2
DA:17,0
DA:20,2
DA:21,0
LF:9
LH:7
BRDA:8,0,0,2
BRF:1
BRH:1
end_of_record
TN:
SF:src/service/session.service.ts
FN:8,createSession
FN:13,findSessions
FN:17,updateSession
FN:24,reIssueAccessToken
FNF:4
FNH:0
FNDA:0,createSession
FNDA:0,findSessions
FNDA:0,updateSession
FNDA:0,reIssueAccessToken
DA:1,2
DA:3,2
DA:4,2
DA:5,2
DA:6,2
DA:8,2
DA:9,0
DA:10,0
DA:13,2
DA:14,0
DA:17,2
DA:21,0
DA:24,2
DA:27,0
DA:29,0
DA:31,0
DA:33,0
DA:35,0
DA:37,0
DA:39,0
DA:44,0
LF:21
LH:9
BRDA:29,0,0,0
BRDA:29,1,0,0
BRDA:29,1,1,0
BRDA:33,2,0,0
BRDA:33,3,0,0
BRDA:33,3,1,0
BRDA:37,4,0,0
BRF:7
BRH:0
end_of_record
TN:
SF:src/service/user.service.ts
FN:6,createUser
FN:15,validatePassword
FN:36,findUser
FNF:3
FNH:0
FNDA:0,createUser
FNDA:0,validatePassword
FNDA:0,findUser
DA:1,2
DA:3,2
DA:6,2
DA:7,0
DA:8,0
DA:9,0
DA:11,0
DA:15,2
DA:23,0
DA:25,0
DA:26,0
DA:29,0
DA:31,0
DA:33,0
DA:36,2
DA:37,0
LF:16
LH:5
BRDA:25,0,0,0
BRDA:31,1,0,0
BRF:2
BRH:0
end_of_record
TN:
SF:src/utils/jwt.utils.ts
FN:6,signJwt
FN:13,verifyJwt
FNF:2
FNH:2
FNDA:3,signJwt
FNDA:1,verifyJwt
DA:1,2
DA:2,2
DA:4,2
DA:5,2
DA:6,2
DA:7,3
DA:13,2
DA:14,1
DA:15,1
DA:16,1
DA:24,0
LF:11
LH:10
BRDA:8,0,0,3
BRDA:8,0,1,2
BRF:2
BRH:2
end_of_record
TN:
SF:src/utils/logger.ts
FN:8,(anonymous_1)
FNF:1
FNH:1
FNDA:6,(anonymous_1)
DA:1,2
DA:2,2
DA:4,2
DA:8,6
DA:11,2
LF:5
LH:5
BRF:0
BRH:0
end_of_record
TN:
SF:src/utils/server.ts
FN:7,createServer
FNF:1
FNH:1
FNDA:3,createServer
DA:1,2
DA:2,2
DA:3,2
DA:8,3
DA:9,3
DA:10,3
DA:11,3
DA:12,3
DA:15,2
LF:9
LH:9
BRF:0
BRH:0
end_of_record
